[2025-06-01 15:17:42] laravel.EMERGENCY: Unable to create configured logger. Using emergency logger. {"exception":"[object] (Error(code: 0): Class \"Illuminate\\Support\\Collection\" not found at /home/naele/Desktop/Sonia Gig/server and other client info/live code/web/vendor/laravel/framework/src/Illuminate/Support/helpers.php:109)
[stacktrace]
#0 /home/naele/Desktop/Sonia Gig/server and other client info/live code/web/vendor/laravel/framework/src/Illuminate/Log/LogManager.php(240): collect()
#1 /home/naele/Desktop/Sonia Gig/server and other client info/live code/web/vendor/laravel/framework/src/Illuminate/Log/LogManager.php(202): Illuminate\\Log\\LogManager->createStackDriver()
#2 /home/naele/Desktop/Sonia Gig/server and other client info/live code/web/vendor/laravel/framework/src/Illuminate/Log/LogManager.php(118): Illuminate\\Log\\LogManager->resolve()
#3 /home/naele/Desktop/Sonia Gig/server and other client info/live code/web/vendor/laravel/framework/src/Illuminate/Log/LogManager.php(98): Illuminate\\Log\\LogManager->get()
#4 /home/naele/Desktop/Sonia Gig/server and other client info/live code/web/vendor/laravel/framework/src/Illuminate/Log/LogManager.php(547): Illuminate\\Log\\LogManager->driver()
#5 /home/naele/Desktop/Sonia Gig/server and other client info/live code/web/vendor/laravel/framework/src/Illuminate/Foundation/Exceptions/Handler.php(121): Illuminate\\Log\\LogManager->error()
#6 /home/naele/Desktop/Sonia Gig/server and other client info/live code/web/app/Exceptions/Handler.php(37): Illuminate\\Foundation\\Exceptions\\Handler->report()
#7 /home/naele/Desktop/Sonia Gig/server and other client info/live code/web/vendor/laravel/framework/src/Illuminate/Foundation/Bootstrap/HandleExceptions.php(92): App\\Exceptions\\Handler->report()
#8 /home/naele/Desktop/Sonia Gig/server and other client info/live code/web/vendor/laravel/framework/src/Illuminate/Foundation/Bootstrap/HandleExceptions.php(134): Illuminate\\Foundation\\Bootstrap\\HandleExceptions->handleException()
#9 [internal function]: Illuminate\\Foundation\\Bootstrap\\HandleExceptions->handleShutdown()
#10 {main}
"} 
[2025-06-01 15:17:42] laravel.ERROR: During inheritance of ArrayAccess: Uncaught ErrorException: Return type of Illuminate\Support\Collection::offsetExists($key) should either be compatible with ArrayAccess::offsetExists(mixed $offset): bool, or the #[\ReturnTypeWillChange] attribute should be used to temporarily suppress the notice in /home/naele/Desktop/Sonia Gig/server and other client info/live code/web/vendor/laravel/framework/src/Illuminate/Support/Collection.php:1277
Stack trace:
#0 /home/naele/Desktop/Sonia Gig/server and other client info/live code/web/vendor/laravel/framework/src/Illuminate/Support/Collection.php(11): Illuminate\Foundation\Bootstrap\HandleExceptions->handleError()
#1 /home/naele/Desktop/Sonia Gig/server and other client info/live code/web/vendor/composer/ClassLoader.php(576): include('...')
#2 /home/naele/Desktop/Sonia Gig/server and other client info/live code/web/vendor/composer/ClassLoader.php(427): Composer\Autoload\{closure}()
#3 /home/naele/Desktop/Sonia Gig/server and other client info/live code/web/vendor/laravel/framework/src/Illuminate/Support/helpers.php(109): Composer\Autoload\ClassLoader->loadClass()
#4 /home/naele/Desktop/Sonia Gig/server and other client info/live code/web/vendor/laravel/framework/src/Illuminate/Foundation/PackageManifest.php(130): collect()
#5 /home/naele/Desktop/Sonia Gig/server and other client info/live code/web/vendor/laravel/framework/src/Illuminate/Foundation/PackageManifest.php(106): Illuminate\Foundation\PackageManifest->build()
#6 /home/naele/Desktop/Sonia Gig/server and other client info/live code/web/vendor/laravel/framework/src/Illuminate/Foundation/PackageManifest.php(89): Illuminate\Foundation\PackageManifest->getManifest()
#7 /home/naele/Desktop/Sonia Gig/server and other client info/live code/web/vendor/laravel/framework/src/Illuminate/Foundation/PackageManifest.php(78): Illuminate\Foundation\PackageManifest->config()
#8 /home/naele/Desktop/Sonia Gig/server and other client info/live code/web/vendor/laravel/framework/src/Illuminate/Foundation/Bootstrap/RegisterFacades.php(26): Illuminate\Foundation\PackageManifest->aliases()
#9 /home/naele/Desktop/Sonia Gig/server and other client info/live code/web/vendor/laravel/framework/src/Illuminate/Foundation/Application.php(219): Illuminate\Foundation\Bootstrap\RegisterFacades->bootstrap()
#10 /home/naele/Desktop/Sonia Gig/server and other client info/live code/web/vendor/laravel/framework/src/Illuminate/Foundation/Console/Kernel.php(320): Illuminate\Foundation\Application->bootstrapWith()
#11 /home/naele/Desktop/Sonia Gig/server and other client info/live code/web/vendor/laravel/framework/src/Illuminate/Foundation/Console/Kernel.php(129): Illuminate\Foundation\Console\Kernel->bootstrap()
#12 /home/naele/Desktop/Sonia Gig/server and other client info/live code/web/artisan(37): Illuminate\Foundation\Console\Kernel->handle()
#13 {main} {"exception":"[object] (Symfony\\Component\\Debug\\Exception\\FatalErrorException(code: 1): During inheritance of ArrayAccess: Uncaught ErrorException: Return type of Illuminate\\Support\\Collection::offsetExists($key) should either be compatible with ArrayAccess::offsetExists(mixed $offset): bool, or the #[\\ReturnTypeWillChange] attribute should be used to temporarily suppress the notice in /home/naele/Desktop/Sonia Gig/server and other client info/live code/web/vendor/laravel/framework/src/Illuminate/Support/Collection.php:1277
Stack trace:
#0 /home/naele/Desktop/Sonia Gig/server and other client info/live code/web/vendor/laravel/framework/src/Illuminate/Support/Collection.php(11): Illuminate\\Foundation\\Bootstrap\\HandleExceptions->handleError()
#1 /home/naele/Desktop/Sonia Gig/server and other client info/live code/web/vendor/composer/ClassLoader.php(576): include('...')
#2 /home/naele/Desktop/Sonia Gig/server and other client info/live code/web/vendor/composer/ClassLoader.php(427): Composer\\Autoload\\{closure}()
#3 /home/naele/Desktop/Sonia Gig/server and other client info/live code/web/vendor/laravel/framework/src/Illuminate/Support/helpers.php(109): Composer\\Autoload\\ClassLoader->loadClass()
#4 /home/naele/Desktop/Sonia Gig/server and other client info/live code/web/vendor/laravel/framework/src/Illuminate/Foundation/PackageManifest.php(130): collect()
#5 /home/naele/Desktop/Sonia Gig/server and other client info/live code/web/vendor/laravel/framework/src/Illuminate/Foundation/PackageManifest.php(106): Illuminate\\Foundation\\PackageManifest->build()
#6 /home/naele/Desktop/Sonia Gig/server and other client info/live code/web/vendor/laravel/framework/src/Illuminate/Foundation/PackageManifest.php(89): Illuminate\\Foundation\\PackageManifest->getManifest()
#7 /home/naele/Desktop/Sonia Gig/server and other client info/live code/web/vendor/laravel/framework/src/Illuminate/Foundation/PackageManifest.php(78): Illuminate\\Foundation\\PackageManifest->config()
#8 /home/naele/Desktop/Sonia Gig/server and other client info/live code/web/vendor/laravel/framework/src/Illuminate/Foundation/Bootstrap/RegisterFacades.php(26): Illuminate\\Foundation\\PackageManifest->aliases()
#9 /home/naele/Desktop/Sonia Gig/server and other client info/live code/web/vendor/laravel/framework/src/Illuminate/Foundation/Application.php(219): Illuminate\\Foundation\\Bootstrap\\RegisterFacades->bootstrap()
#10 /home/naele/Desktop/Sonia Gig/server and other client info/live code/web/vendor/laravel/framework/src/Illuminate/Foundation/Console/Kernel.php(320): Illuminate\\Foundation\\Application->bootstrapWith()
#11 /home/naele/Desktop/Sonia Gig/server and other client info/live code/web/vendor/laravel/framework/src/Illuminate/Foundation/Console/Kernel.php(129): Illuminate\\Foundation\\Console\\Kernel->bootstrap()
#12 /home/naele/Desktop/Sonia Gig/server and other client info/live code/web/artisan(37): Illuminate\\Foundation\\Console\\Kernel->handle()
#13 {main} at /home/naele/Desktop/Sonia Gig/server and other client info/live code/web/vendor/laravel/framework/src/Illuminate/Support/Collection.php:11)
[stacktrace]
#0 {main}
"} 
